<?xml version="1.0" encoding="UTF-8" standalone="yes"?><!DOCTYPE report PUBLIC "-//JACOCO//DTD Report 1.0//EN" "report.dtd"><report name="Unicafe"><sessioninfo id="da5-cs-b221-29-44776058" start="1521030023342" dump="1521030023770"/><sessioninfo id="da5-cs-b221-29-2e262080" start="1521030043521" dump="1521030043840"/><sessioninfo id="da5-cs-b221-29-d426b0c8" start="1521030067929" dump="1521030068351"/><sessioninfo id="da5-cs-b221-29-f18d72fc" start="1521030246644" dump="1521030247013"/><sessioninfo id="da5-cs-b221-29-3a874c76" start="1521030293024" dump="1521030293337"/><sessioninfo id="da5-cs-b221-29-df2b5002" start="1521030320035" dump="1521030320430"/><sessioninfo id="da5-cs-b221-29-d2a3e7f5" start="1521030328260" dump="1521030328608"/><sessioninfo id="da5-cs-b221-29-bcd3bc5f" start="1521030457702" dump="1521030458153"/><sessioninfo id="da5-cs-b221-29-d93ad947" start="1521030731471" dump="1521030731900"/><sessioninfo id="da5-cs-b221-29-e862e8ad" start="1521030820746" dump="1521030821077"/><sessioninfo id="da5-cs-b221-29-aa7065db" start="1521620651803" dump="1521620652285"/><sessioninfo id="da5-cs-b221-29-dc65056a" start="1521620713712" dump="1521620714038"/><sessioninfo id="da5-cs-b221-29-390065da" start="1521620752414" dump="1521620752841"/><sessioninfo id="da5-cs-b221-29-d6adcc78" start="1521620770130" dump="1521620770463"/><sessioninfo id="da5-cs-b221-29-9fcd51a3" start="1521620787740" dump="1521620788181"/><sessioninfo id="da5-cs-b221-29-e95028f2" start="1521620828753" dump="1521620829084"/><sessioninfo id="da5-cs-b221-29-81e1a6ef" start="1521620908194" dump="1521620908632"/><sessioninfo id="da5-cs-b221-29-b7a1c816" start="1521620994004" dump="1521620994294"/><sessioninfo id="da5-cs-b221-29-35777149" start="1521621382899" dump="1521621383226"/><sessioninfo id="da5-cs-b221-29-a560c0ab" start="1521621499887" dump="1521621500227"/><sessioninfo id="da5-cs-b221-29-4253844a" start="1521621768666" dump="1521621769035"/><sessioninfo id="da5-cs-b221-29-9e76602d" start="1521621804541" dump="1521621804949"/><sessioninfo id="da5-cs-b221-29-b51c56ec" start="1521621820119" dump="1521621820546"/><sessioninfo id="da5-cs-b221-29-d126b7e" start="1521621841133" dump="1521621841604"/><sessioninfo id="da5-cs-b221-29-f55c0ea4" start="1521621873498" dump="1521621873903"/><sessioninfo id="da5-cs-b221-29-be93b657" start="1521621905773" dump="1521621906141"/><sessioninfo id="da5-cs-b221-29-39fe3f6e" start="1521621966490" dump="1521621966798"/><sessioninfo id="da5-cs-b221-29-4ff49457" start="1521621994160" dump="1521621994510"/><sessioninfo id="da5-cs-b221-29-70cffc59" start="1521622019489" dump="1521622019808"/><sessioninfo id="da5-cs-b221-29-1c336f7" start="1521622185568" dump="1521622185970"/><sessioninfo id="da5-cs-b221-29-4ecf584f" start="1521622204748" dump="1521622205146"/><sessioninfo id="da5-cs-b221-29-71a606da" start="1521622271567" dump="1521622271994"/><sessioninfo id="da5-cs-b221-29-100410c7" start="1521622297145" dump="1521622297482"/><sessioninfo id="da5-cs-b221-29-6e41d751" start="1521622319038" dump="1521622319475"/><sessioninfo id="da5-cs-b221-29-e7dfbe64" start="1521622332205" dump="1521622332589"/><sessioninfo id="da5-cs-b221-29-e81e10a9" start="1521622368015" dump="1521622368397"/><sessioninfo id="da5-cs-b221-29-266aab63" start="1521622381919" dump="1521622382247"/><sessioninfo id="da5-cs-b221-29-4b674a65" start="1521622415953" dump="1521622416354"/><sessioninfo id="da5-cs-b221-29-4cdbc77e" start="1521622482980" dump="1521622483265"/><sessioninfo id="da5-cs-b221-29-a1dcf0" start="1521622696577" dump="1521622696914"/><sessioninfo id="da5-cs-b221-29-82ff9662" start="1521622726990" dump="1521622727433"/><sessioninfo id="da5-cs-b221-29-3a526fcc" start="1521622740118" dump="1521622740436"/><sessioninfo id="da5-cs-b221-29-3df3dfb0" start="1521622756176" dump="1521622756599"/><sessioninfo id="da5-cs-b221-29-22f6cae6" start="1521623061028" dump="1521623061455"/><sessioninfo id="da5-cs-b221-29-bc46730d" start="1521623147316" dump="1521623147661"/><sessioninfo id="da5-cs-b221-29-31d97e01" start="1521623158574" dump="1521623158906"/><sessioninfo id="da5-cs-b221-29-dc79ca59" start="1521623200230" dump="1521623200728"/><sessioninfo id="da5-cs-b221-29-abc2127c" start="1521623324672" dump="1521623325121"/><sessioninfo id="da5-cs-b221-29-1e55170c" start="1521623498494" dump="1521623498899"/><sessioninfo id="da5-cs-b221-29-32177377" start="1521623525974" dump="1521623526310"/><sessioninfo id="da5-cs-b221-29-c66e7ba1" start="1521623611889" dump="1521623612200"/><sessioninfo id="da5-cs-b221-29-2363251e" start="1521623642430" dump="1521623642770"/><sessioninfo id="da5-cs-b221-29-447d54d9" start="1521623666774" dump="1521623667108"/><sessioninfo id="da5-cs-b221-29-d202c00" start="1521623712507" dump="1521623712865"/><sessioninfo id="da5-cs-b221-29-c2cb87d8" start="1521623776500" dump="1521623776816"/><sessioninfo id="da5-cs-b221-29-9b6387f1" start="1521623799431" dump="1521623799755"/><sessioninfo id="da5-cs-b221-29-b629920b" start="1521623856315" dump="1521623856680"/><sessioninfo id="da5-cs-b221-29-72b029d9" start="1521623894523" dump="1521623894847"/><sessioninfo id="da5-cs-b221-29-3a23e1cd" start="1521623958334" dump="1521623958625"/><sessioninfo id="da5-cs-b221-29-1566732e" start="1521624090407" dump="1521624090770"/><sessioninfo id="da5-cs-b221-29-4cfa75f8" start="1521624177195" dump="1521624177522"/><sessioninfo id="da5-cs-b221-29-9f61752d" start="1521624222345" dump="1521624222745"/><sessioninfo id="da5-cs-b221-29-17c80e6d" start="1521624308299" dump="1521624308613"/><sessioninfo id="da5-cs-b221-29-fe4a2162" start="1521624362018" dump="1521624362302"/><sessioninfo id="da5-cs-b221-29-441db90" start="1521624398311" dump="1521624398655"/><sessioninfo id="da5-cs-b221-29-cbf8df93" start="1521624431546" dump="1521624431843"/><sessioninfo id="da5-cs-b221-29-9d6618ed" start="1521624710058" dump="1521624710433"/><sessioninfo id="da5-cs-b221-29-992be0ab" start="1521624816238" dump="1521624816592"/><sessioninfo id="da5-cs-b221-29-98fc36af" start="1521624828580" dump="1521624828919"/><sessioninfo id="da5-cs-b221-29-ce5aa431" start="1521625318401" dump="1521625318793"/><sessioninfo id="da5-cs-b221-29-4bb50d7c" start="1521625364713" dump="1521625365033"/><sessioninfo id="da5-cs-b221-29-ee2d1a68" start="1521625393953" dump="1521625394254"/><sessioninfo id="da5-cs-b221-29-c5fc2956" start="1521625398850" dump="1521625399138"/><sessioninfo id="da5-cs-b221-29-7012a60c" start="1521712081125" dump="1521712081470"/><sessioninfo id="da5-cs-b221-29-f7a0e5b0" start="1521712136707" dump="1521712137170"/><sessioninfo id="da5-cs-b221-29-b960c151" start="1521712251534" dump="1521712251901"/><sessioninfo id="da5-cs-b221-29-6f0e762b" start="1521712469649" dump="1521712470022"/><sessioninfo id="da5-cs-b221-29-4852fa0c" start="1521712553118" dump="1521712553418"/><sessioninfo id="da5-cs-b221-29-e1705eb9" start="1521713017027" dump="1521713017343"/><sessioninfo id="da5-cs-b221-29-58f7de22" start="1521713113402" dump="1521713113791"/><sessioninfo id="da5-cs-b221-29-1656ae43" start="1521713195786" dump="1521713196135"/><package name="com/mycompany/unicafe"><class name="com/mycompany/unicafe/Maksukortti"><method name="&lt;init&gt;" desc="(I)V" line="8"><counter type="INSTRUCTION" missed="0" covered="6"/><counter type="LINE" missed="0" covered="3"/><counter type="COMPLEXITY" missed="0" covered="1"/><counter type="METHOD" missed="0" covered="1"/></method><method name="saldo" desc="()I" line="13"><counter type="INSTRUCTION" missed="0" covered="3"/><counter type="LINE" missed="0" covered="1"/><counter type="COMPLEXITY" missed="0" covered="1"/><counter type="METHOD" missed="0" covered="1"/></method><method name="lataaRahaa" desc="(I)V" line="17"><counter type="INSTRUCTION" missed="0" covered="7"/><counter type="LINE" missed="0" covered="2"/><counter type="COMPLEXITY" missed="0" covered="1"/><counter type="METHOD" missed="0" covered="1"/></method><method name="otaRahaa" desc="(I)Z" line="21"><counter type="INSTRUCTION" missed="0" covered="14"/><counter type="BRANCH" missed="0" covered="2"/><counter type="LINE" missed="0" covered="4"/><counter type="COMPLEXITY" missed="0" covered="2"/><counter type="METHOD" missed="0" covered="1"/></method><method name="toString" desc="()Ljava/lang/String;" line="31"><counter type="INSTRUCTION" missed="0" covered="23"/><counter type="LINE" missed="0" covered="3"/><counter type="COMPLEXITY" missed="0" covered="1"/><counter type="METHOD" missed="0" covered="1"/></method><counter type="INSTRUCTION" missed="0" covered="53"/><counter type="BRANCH" missed="0" covered="2"/><counter type="LINE" missed="0" covered="13"/><counter type="COMPLEXITY" missed="0" covered="6"/><counter type="METHOD" missed="0" covered="5"/><counter type="CLASS" missed="0" covered="1"/></class><class name="com/mycompany/unicafe/Paaohjelma"><method name="&lt;init&gt;" desc="()V" line="3"><counter type="INSTRUCTION" missed="3" covered="0"/><counter type="LINE" missed="1" covered="0"/><counter type="COMPLEXITY" missed="1" covered="0"/><counter type="METHOD" missed="1" covered="0"/></method><method name="main" desc="([Ljava/lang/String;)V" line="6"><counter type="INSTRUCTION" missed="21" covered="0"/><counter type="LINE" missed="6" covered="0"/><counter type="COMPLEXITY" missed="1" covered="0"/><counter type="METHOD" missed="1" covered="0"/></method><counter type="INSTRUCTION" missed="24" covered="0"/><counter type="LINE" missed="7" covered="0"/><counter type="COMPLEXITY" missed="2" covered="0"/><counter type="METHOD" missed="2" covered="0"/><counter type="CLASS" missed="1" covered="0"/></class><class name="com/mycompany/unicafe/Kassapaate"><method name="&lt;init&gt;" desc="()V" line="10"><counter type="INSTRUCTION" missed="0" covered="6"/><counter type="LINE" missed="0" covered="3"/><counter type="COMPLEXITY" missed="0" covered="1"/><counter type="METHOD" missed="0" covered="1"/></method><method name="syoEdullisesti" desc="(I)I" line="15"><counter type="INSTRUCTION" missed="0" covered="21"/><counter type="BRANCH" missed="0" covered="2"/><counter type="LINE" missed="0" covered="5"/><counter type="COMPLEXITY" missed="0" covered="2"/><counter type="METHOD" missed="0" covered="1"/></method><method name="syoMaukkaasti" desc="(I)I" line="25"><counter type="INSTRUCTION" missed="0" covered="21"/><counter type="BRANCH" missed="0" covered="2"/><counter type="LINE" missed="0" covered="5"/><counter type="COMPLEXITY" missed="0" covered="2"/><counter type="METHOD" missed="0" covered="1"/></method><method name="syoEdullisesti" desc="(Lcom/mycompany/unicafe/Maksukortti;)Z" line="35"><counter type="INSTRUCTION" missed="0" covered="18"/><counter type="BRANCH" missed="0" covered="2"/><counter type="LINE" missed="0" covered="5"/><counter type="COMPLEXITY" missed="0" covered="2"/><counter type="METHOD" missed="0" covered="1"/></method><method name="syoMaukkaasti" desc="(Lcom/mycompany/unicafe/Maksukortti;)Z" line="45"><counter type="INSTRUCTION" missed="0" covered="18"/><counter type="BRANCH" missed="0" covered="2"/><counter type="LINE" missed="0" covered="5"/><counter type="COMPLEXITY" missed="0" covered="2"/><counter type="METHOD" missed="0" covered="1"/></method><method name="lataaRahaaKortille" desc="(Lcom/mycompany/unicafe/Maksukortti;I)V" line="55"><counter type="INSTRUCTION" missed="0" covered="14"/><counter type="BRANCH" missed="0" covered="2"/><counter type="LINE" missed="0" covered="5"/><counter type="COMPLEXITY" missed="0" covered="2"/><counter type="METHOD" missed="0" covered="1"/></method><method name="kassassaRahaa" desc="()I" line="64"><counter type="INSTRUCTION" missed="0" covered="3"/><counter type="LINE" missed="0" covered="1"/><counter type="COMPLEXITY" missed="0" covered="1"/><counter type="METHOD" missed="0" covered="1"/></method><method name="maukkaitaLounaitaMyyty" desc="()I" line="68"><counter type="INSTRUCTION" missed="0" covered="3"/><counter type="LINE" missed="0" covered="1"/><counter type="COMPLEXITY" missed="0" covered="1"/><counter type="METHOD" missed="0" covered="1"/></method><method name="edullisiaLounaitaMyyty" desc="()I" line="72"><counter type="INSTRUCTION" missed="0" covered="3"/><counter type="LINE" missed="0" covered="1"/><counter type="COMPLEXITY" missed="0" covered="1"/><counter type="METHOD" missed="0" covered="1"/></method><counter type="INSTRUCTION" missed="0" covered="107"/><counter type="BRANCH" missed="0" covered="10"/><counter type="LINE" missed="0" covered="31"/><counter type="COMPLEXITY" missed="0" covered="14"/><counter type="METHOD" missed="0" covered="9"/><counter type="CLASS" missed="0" covered="1"/></class><sourcefile name="Paaohjelma.java"><line nr="3" mi="3" ci="0" mb="0" cb="0"/><line nr="6" mi="4" ci="0" mb="0" cb="0"/><line nr="7" mi="5" ci="0" mb="0" cb="0"/><line nr="9" mi="4" ci="0" mb="0" cb="0"/><line nr="11" mi="4" ci="0" mb="0" cb="0"/><line nr="12" mi="3" ci="0" mb="0" cb="0"/><line nr="13" mi="1" ci="0" mb="0" cb="0"/><counter type="INSTRUCTION" missed="24" covered="0"/><counter type="LINE" missed="7" covered="0"/><counter type="COMPLEXITY" missed="2" covered="0"/><counter type="METHOD" missed="2" covered="0"/><counter type="CLASS" missed="1" covered="0"/></sourcefile><sourcefile name="Maksukortti.java"><line nr="8" mi="0" ci="2" mb="0" cb="0"/><line nr="9" mi="0" ci="3" mb="0" cb="0"/><line nr="10" mi="0" ci="1" mb="0" cb="0"/><line nr="13" mi="0" ci="3" mb="0" cb="0"/><line nr="17" mi="0" ci="6" mb="0" cb="0"/><line nr="18" mi="0" ci="1" mb="0" cb="0"/><line nr="21" mi="0" ci="4" mb="0" cb="2"/><line nr="22" mi="0" ci="2" mb="0" cb="0"/><line nr="25" mi="0" ci="6" mb="0" cb="0"/><line nr="26" mi="0" ci="2" mb="0" cb="0"/><line nr="31" mi="0" ci="5" mb="0" cb="0"/><line nr="32" mi="0" ci="5" mb="0" cb="0"/><line nr="33" mi="0" ci="13" mb="0" cb="0"/><counter type="INSTRUCTION" missed="0" covered="53"/><counter type="BRANCH" missed="0" covered="2"/><counter type="LINE" missed="0" covered="13"/><counter type="COMPLEXITY" missed="0" covered="6"/><counter type="METHOD" missed="0" covered="5"/><counter type="CLASS" missed="0" covered="1"/></sourcefile><sourcefile name="Kassapaate.java"><line nr="10" mi="0" ci="2" mb="0" cb="0"/><line nr="11" mi="0" ci="3" mb="0" cb="0"/><line nr="12" mi="0" ci="1" mb="0" cb="0"/><line nr="15" mi="0" ci="3" mb="0" cb="2"/><line nr="16" mi="0" ci="6" mb="0" cb="0"/><line nr="17" mi="0" ci="6" mb="0" cb="0"/><line nr="18" mi="0" ci="4" mb="0" cb="0"/><line nr="20" mi="0" ci="2" mb="0" cb="0"/><line nr="25" mi="0" ci="3" mb="0" cb="2"/><line nr="26" mi="0" ci="6" mb="0" cb="0"/><line nr="27" mi="0" ci="6" mb="0" cb="0"/><line nr="28" mi="0" ci="4" mb="0" cb="0"/><line nr="30" mi="0" ci="2" mb="0" cb="0"/><line nr="35" mi="0" ci="4" mb="0" cb="2"/><line nr="36" mi="0" ci="4" mb="0" cb="0"/><line nr="37" mi="0" ci="6" mb="0" cb="0"/><line nr="38" mi="0" ci="2" mb="0" cb="0"/><line nr="40" mi="0" ci="2" mb="0" cb="0"/><line nr="45" mi="0" ci="4" mb="0" cb="2"/><line nr="46" mi="0" ci="4" mb="0" cb="0"/><line nr="47" mi="0" ci="6" mb="0" cb="0"/><line nr="48" mi="0" ci="2" mb="0" cb="0"/><line nr="50" mi="0" ci="2" mb="0" cb="0"/><line nr="55" mi="0" ci="2" mb="0" cb="2"/><line nr="56" mi="0" ci="3" mb="0" cb="0"/><line nr="57" mi="0" ci="7" mb="0" cb="0"/><line nr="59" mi="0" ci="1" mb="0" cb="0"/><line nr="61" mi="0" ci="1" mb="0" cb="0"/><line nr="64" mi="0" ci="3" mb="0" cb="0"/><line nr="68" mi="0" ci="3" mb="0" cb="0"/><line nr="72" mi="0" ci="3" mb="0" cb="0"/><counter type="INSTRUCTION" missed="0" covered="107"/><counter type="BRANCH" missed="0" covered="10"/><counter type="LINE" missed="0" covered="31"/><counter type="COMPLEXITY" missed="0" covered="14"/><counter type="METHOD" missed="0" covered="9"/><counter type="CLASS" missed="0" covered="1"/></sourcefile><counter type="INSTRUCTION" missed="24" covered="160"/><counter type="BRANCH" missed="0" covered="12"/><counter type="LINE" missed="7" covered="44"/><counter type="COMPLEXITY" missed="2" covered="20"/><counter type="METHOD" missed="2" covered="14"/><counter type="CLASS" missed="1" covered="2"/></package><counter type="INSTRUCTION" missed="24" covered="160"/><counter type="BRANCH" missed="0" covered="12"/><counter type="LINE" missed="7" covered="44"/><counter type="COMPLEXITY" missed="2" covered="20"/><counter type="METHOD" missed="2" covered="14"/><counter type="CLASS" missed="1" covered="2"/></report>